2017-06-23 16:19:07.533:INFO:oejs.Server:jetty-7.6.13.v20130916
2017-06-23 16:19:07.618:INFO:oejs.AbstractConnector:Started SelectChannelConnector@0.0.0.0:80
Started server on port 80
2017-06-26 09:44:12.633:WARN:oejs.AbstractHttpConnection:Failed UTF-8 decode for request path, trying ISO-8859-1
2017-06-26 09:44:12.640:WARN:oejs.AbstractHttpConnection:Failed UTF-8 decode for request path, trying ISO-8859-1
2017-06-26 09:44:12.645:WARN:oejs.AbstractHttpConnection:Failed UTF-8 decode for request path, trying ISO-8859-1
2017-06-26 09:44:12.651:WARN:oejs.AbstractHttpConnection:Failed UTF-8 decode for request path, trying ISO-8859-1
2017-06-26 09:44:12.656:WARN:oejs.AbstractHttpConnection:Failed UTF-8 decode for request path, trying ISO-8859-1
2017-06-26 09:44:12.662:WARN:oejs.AbstractHttpConnection:Failed UTF-8 decode for request path, trying ISO-8859-1
2017-06-26 09:44:14.088:WARN:oejs.AbstractHttpConnection:Failed UTF-8 decode for request path, trying ISO-8859-1
2017-06-26 09:44:14.089:WARN:oejs.AbstractHttpConnection:%.
java.lang.IllegalArgumentException: Bad % encoding: %.
	at org.eclipse.jetty.http.HttpURI.getDecodedPath(HttpURI.java:634)
	at org.eclipse.jetty.server.AbstractHttpConnection.handleRequest(AbstractHttpConnection.java:463)
	at org.eclipse.jetty.server.AbstractHttpConnection.headerComplete(AbstractHttpConnection.java:933)
	at org.eclipse.jetty.server.AbstractHttpConnection$RequestHandler.headerComplete(AbstractHttpConnection.java:995)
	at org.eclipse.jetty.http.HttpParser.parseNext(HttpParser.java:644)
	at org.eclipse.jetty.http.HttpParser.parseAvailable(HttpParser.java:235)
	at org.eclipse.jetty.server.AsyncHttpConnection.handle(AsyncHttpConnection.java:82)
	at org.eclipse.jetty.io.nio.SelectChannelEndPoint.handle(SelectChannelEndPoint.java:668)
	at org.eclipse.jetty.io.nio.SelectChannelEndPoint$1.run(SelectChannelEndPoint.java:52)
	at org.eclipse.jetty.util.thread.QueuedThreadPool.runJob(QueuedThreadPool.java:608)
	at org.eclipse.jetty.util.thread.QueuedThreadPool$3.run(QueuedThreadPool.java:543)
	at java.lang.Thread.run(Thread.java:748)
2017-06-26 09:44:21.275:WARN:oejs.AbstractHttpConnection:Failed UTF-8 decode for request path, trying ISO-8859-1
2017-06-26 09:44:21.275:WARN:oejs.AbstractHttpConnection:/%NETHOOD%/
java.lang.NumberFormatException: NE
	at org.eclipse.jetty.util.TypeUtil.parseInt(TypeUtil.java:319)
	at org.eclipse.jetty.http.HttpURI.getDecodedPath(HttpURI.java:655)
	at org.eclipse.jetty.server.AbstractHttpConnection.handleRequest(AbstractHttpConnection.java:463)
	at org.eclipse.jetty.server.AbstractHttpConnection.headerComplete(AbstractHttpConnection.java:933)
	at org.eclipse.jetty.server.AbstractHttpConnection$RequestHandler.headerComplete(AbstractHttpConnection.java:995)
	at org.eclipse.jetty.http.HttpParser.parseNext(HttpParser.java:644)
	at org.eclipse.jetty.http.HttpParser.parseAvailable(HttpParser.java:235)
	at org.eclipse.jetty.server.AsyncHttpConnection.handle(AsyncHttpConnection.java:82)
	at org.eclipse.jetty.io.nio.SelectChannelEndPoint.handle(SelectChannelEndPoint.java:668)
	at org.eclipse.jetty.io.nio.SelectChannelEndPoint$1.run(SelectChannelEndPoint.java:52)
	at org.eclipse.jetty.util.thread.QueuedThreadPool.runJob(QueuedThreadPool.java:608)
	at org.eclipse.jetty.util.thread.QueuedThreadPool$3.run(QueuedThreadPool.java:543)
	at java.lang.Thread.run(Thread.java:748)
2017-06-26 14:29:36.879:WARN:oejs.AbstractHttpConnection:Failed UTF-8 decode for request path, trying ISO-8859-1
2017-06-26 14:29:36.888:WARN:oejs.AbstractHttpConnection:Failed UTF-8 decode for request path, trying ISO-8859-1
2017-06-26 14:29:36.909:WARN:oejs.AbstractHttpConnection:Failed UTF-8 decode for request path, trying ISO-8859-1
2017-06-26 14:29:36.918:WARN:oejs.AbstractHttpConnection:Failed UTF-8 decode for request path, trying ISO-8859-1
2017-06-26 14:29:36.936:WARN:oejs.AbstractHttpConnection:Failed UTF-8 decode for request path, trying ISO-8859-1
2017-06-26 14:29:36.944:WARN:oejs.AbstractHttpConnection:Failed UTF-8 decode for request path, trying ISO-8859-1
2017-06-26 14:29:42.967:WARN:oejs.AbstractHttpConnection:Failed UTF-8 decode for request path, trying ISO-8859-1
2017-06-26 14:29:42.967:WARN:oejs.AbstractHttpConnection:%.
java.lang.IllegalArgumentException: Bad % encoding: %.
	at org.eclipse.jetty.http.HttpURI.getDecodedPath(HttpURI.java:634)
	at org.eclipse.jetty.server.AbstractHttpConnection.handleRequest(AbstractHttpConnection.java:463)
	at org.eclipse.jetty.server.AbstractHttpConnection.headerComplete(AbstractHttpConnection.java:933)
	at org.eclipse.jetty.server.AbstractHttpConnection$RequestHandler.headerComplete(AbstractHttpConnection.java:995)
	at org.eclipse.jetty.http.HttpParser.parseNext(HttpParser.java:644)
	at org.eclipse.jetty.http.HttpParser.parseAvailable(HttpParser.java:235)
	at org.eclipse.jetty.server.AsyncHttpConnection.handle(AsyncHttpConnection.java:82)
	at org.eclipse.jetty.io.nio.SelectChannelEndPoint.handle(SelectChannelEndPoint.java:668)
	at org.eclipse.jetty.io.nio.SelectChannelEndPoint$1.run(SelectChannelEndPoint.java:52)
	at org.eclipse.jetty.util.thread.QueuedThreadPool.runJob(QueuedThreadPool.java:608)
	at org.eclipse.jetty.util.thread.QueuedThreadPool$3.run(QueuedThreadPool.java:543)
	at java.lang.Thread.run(Thread.java:748)
2017-06-26 14:30:06.606:WARN:oejs.AbstractHttpConnection:Failed UTF-8 decode for request path, trying ISO-8859-1
2017-06-26 14:30:06.606:WARN:oejs.AbstractHttpConnection:/%NETHOOD%/
java.lang.NumberFormatException: NE
	at org.eclipse.jetty.util.TypeUtil.parseInt(TypeUtil.java:319)
	at org.eclipse.jetty.http.HttpURI.getDecodedPath(HttpURI.java:655)
	at org.eclipse.jetty.server.AbstractHttpConnection.handleRequest(AbstractHttpConnection.java:463)
	at org.eclipse.jetty.server.AbstractHttpConnection.headerComplete(AbstractHttpConnection.java:933)
	at org.eclipse.jetty.server.AbstractHttpConnection$RequestHandler.headerComplete(AbstractHttpConnection.java:995)
	at org.eclipse.jetty.http.HttpParser.parseNext(HttpParser.java:644)
	at org.eclipse.jetty.http.HttpParser.parseAvailable(HttpParser.java:235)
	at org.eclipse.jetty.server.AsyncHttpConnection.handle(AsyncHttpConnection.java:82)
	at org.eclipse.jetty.io.nio.SelectChannelEndPoint.handle(SelectChannelEndPoint.java:668)
	at org.eclipse.jetty.io.nio.SelectChannelEndPoint$1.run(SelectChannelEndPoint.java:52)
	at org.eclipse.jetty.util.thread.QueuedThreadPool.runJob(QueuedThreadPool.java:608)
	at org.eclipse.jetty.util.thread.QueuedThreadPool$3.run(QueuedThreadPool.java:543)
	at java.lang.Thread.run(Thread.java:748)
